[2025-07-26 07:46:49] Starting IRC connection...
[2025-07-26 07:48:15] Starting IRC connection...
[2025-07-26 07:48:17] Connected and joined #dolly.
:osmium.libera.chat NOTICE * :*** Checking Ident
:osmium.libera.chat NOTICE * :*** Looking up your hostname...
:osmium.libera.chat NOTICE * :*** Couldn't look up your hostname
:osmium.libera.chat NOTICE * :*** No Ident response
:osmium.libera.chat 001 dolly :Welcome to the Libera.Chat Internet Relay Chat Network dolly
:osmium.libera.chat 002 dolly :Your host is osmium.libera.chat[188.240.145.101/6667], running version solanum-1.0-dev
:osmium.libera.chat 003 dolly :This server was created Thu Jul 18 2024 at 16:56:31 UTC
:osmium.libera.chat 004 dolly osmium.libera.chat solanum-1.0-dev DGIMQRSZaghilopsuwz CFILMPQRSTbcefgijklmnopqrstuvz bkloveqjfI
:osmium.libera.chat 005 dolly ACCOUNTEXTBAN=a WHOX FNC KNOCK SAFELIST ELIST=CMNTU CALLERID=g MONITOR=100 ETRACE CHANTYPES=# EXCEPTS INVEX :are supported by this server
:osmium.libera.chat 005 dolly CHANMODES=eIbq,k,flj,CFLMPQRSTcgimnprstuz CHANLIMIT=#:250 PREFIX=(ov)@+ MAXLIST=bqeI:100 MODES=4 NETWORK=Libera.Chat STATUSMSG=@+ CASEMAPPING=rfc1459 NICKLEN=16 MAXNICKLEN=16 CHANNELLEN=50 TOPICLEN=390 :are supported by this server
:osmium.libera.chat 005 dolly DEAF=D TARGMAX=NAMES:1,LIST:1,KICK:1,WHOIS:1,PRIVMSG:4,NOTICE:4,ACCEPT:,MONITOR: EXTBAN=$,agjrxz :are supported by this server
:osmium.libera.chat 251 dolly :There are 56 users and 30249 invisible on 28 servers
:osmium.libera.chat 252 dolly 42 :IRC Operators online
:osmium.libera.chat 253 dolly 35 :unknown connection(s)
:osmium.libera.chat 254 dolly 22709 :channels formed
:osmium.libera.chat 255 dolly :I have 1726 clients and 1 servers
:osmium.libera.chat 265 dolly 1726 2949 :Current local users 1726, max 2949
:osmium.libera.chat 266 dolly 30305 34153 :Current global users 30305, max 34153
:osmium.libera.chat 250 dolly :Highest connection count: 2950 (2949 clients) (813770 connections received)
:osmium.libera.chat 375 dolly :- osmium.libera.chat Message of the Day - 
:osmium.libera.chat 372 dolly :- This server provided by NORDUnet/SUNET
:osmium.libera.chat 372 dolly :- Welcome to Libera Chat, the IRC network for
:osmium.libera.chat 372 dolly :- free & open-source software and peer directed projects.
:osmium.libera.chat 372 dolly :-  
:osmium.libera.chat 372 dolly :- Use of Libera Chat is governed by our network policies.
:osmium.libera.chat 372 dolly :-  
:osmium.libera.chat 372 dolly :- To reduce network abuses we perform open proxy checks
:osmium.libera.chat 372 dolly :- on hosts at connection time.
:osmium.libera.chat 372 dolly :-  
:osmium.libera.chat 372 dolly :- Please visit us in #libera for questions and support.
:osmium.libera.chat 372 dolly :-  
:osmium.libera.chat 372 dolly :- Website and documentation:  https://libera.chat
:osmium.libera.chat 372 dolly :- Webchat:                    https://web.libera.chat
:osmium.libera.chat 372 dolly :- Network policies:           https://libera.chat/policies
:osmium.libera.chat 372 dolly :- Email:                      support@libera.chat
:osmium.libera.chat 376 dolly :End of /MOTD command.
:dolly MODE dolly :+iw
:NickServ!NickServ@services.libera.chat NOTICE dolly :This nickname is registered. Please choose a different nickname, or identify via /msg NickServ IDENTIFY Dolly <password>
:osmium.libera.chat 465 dolly :You are banned from this server- Your host is listed on DroneBL. Visit http://dronebl.org/lookup?ip=4.155.45.96 to request removal. Email bans@libera.chat for additional assistance. (2025/7/26 07.48)
[2025-07-26 07:48:21] Disconnected from IRC. Reconnecting in 5 seconds...
[2025-07-26 07:48:26] Starting IRC connection...
[2025-07-26 07:48:28] Connected and joined #dolly.
:lead.libera.chat NOTICE * :*** Checking Ident
:lead.libera.chat NOTICE * :*** Looking up your hostname...
:lead.libera.chat NOTICE * :*** Couldn't look up your hostname
:lead.libera.chat NOTICE * :*** No Ident response
[2025-07-26 07:48:32] Disconnected from IRC. Reconnecting in 5 seconds...
[2025-07-26 07:48:37] Starting IRC connection...
[2025-07-26 07:49:01] Starting IRC connection...
[2025-07-26 07:49:03] Connected and joined #dolly.
:osmium.libera.chat NOTICE * :*** Checking Ident
:osmium.libera.chat NOTICE * :*** Looking up your hostname...
:osmium.libera.chat NOTICE * :*** Couldn't look up your hostname
:osmium.libera.chat NOTICE * :*** No Ident response
[2025-07-26 07:49:07] Disconnected from IRC. Reconnecting in 5 seconds...
[2025-07-26 07:49:12] Starting IRC connection...
[2025-07-26 07:49:14] Connected and joined #dolly.
:lead.libera.chat NOTICE * :*** Checking Ident
:lead.libera.chat NOTICE * :*** Looking up your hostname...
:lead.libera.chat NOTICE * :*** Couldn't look up your hostname
:lead.libera.chat NOTICE * :*** No Ident response
[2025-07-26 07:49:18] Disconnected from IRC. Reconnecting in 5 seconds...
[2025-07-26 07:49:23] Starting IRC connection...
[2025-07-26 07:59:01] Starting IRC connection...
[2025-07-26 07:59:03] Connected and joined #dolly.
:lead.libera.chat NOTICE * :*** Checking Ident
:lead.libera.chat NOTICE * :*** Looking up your hostname...
:lead.libera.chat NOTICE * :*** Couldn't look up your hostname
:lead.libera.chat NOTICE * :*** No Ident response
[2025-07-26 07:59:07] Disconnected from IRC. Reconnecting in 5 seconds...
[2025-07-26 07:59:12] Starting IRC connection...
[2025-07-26 07:59:14] Connected and joined #dolly.
:silver.libera.chat NOTICE * :*** Checking Ident
:silver.libera.chat NOTICE * :*** Looking up your hostname...
:silver.libera.chat NOTICE * :*** Couldn't look up your hostname
:silver.libera.chat NOTICE * :*** No Ident response
[2025-07-26 07:59:18] Disconnected from IRC. Reconnecting in 5 seconds...
[2025-07-26 07:59:23] Starting IRC connection...
[2025-07-26 07:59:25] Connected and joined #dolly.
:osmium.libera.chat NOTICE * :*** Checking Ident
:osmium.libera.chat NOTICE * :*** Looking up your hostname...
:osmium.libera.chat NOTICE * :*** Couldn't look up your hostname
:osmium.libera.chat NOTICE * :*** No Ident response
[2025-07-26 07:59:29] Disconnected from IRC. Reconnecting in 5 seconds...
[2025-07-26 07:59:34] Starting IRC connection...
[2025-07-26 07:59:36] Connected and joined #dolly.
:osmium.libera.chat NOTICE * :*** Checking Ident
:osmium.libera.chat NOTICE * :*** Looking up your hostname...
:osmium.libera.chat NOTICE * :*** Couldn't look up your hostname
[2025-07-26 07:59:43] Starting IRC connection...
[2025-07-26 07:59:45] Connected and joined #dolly.
:silver.libera.chat NOTICE * :*** Checking Ident
:silver.libera.chat NOTICE * :*** Looking up your hostname...
:silver.libera.chat NOTICE * :*** Couldn't look up your hostname
:silver.libera.chat NOTICE * :*** No Ident response
[2025-07-26 07:59:49] Disconnected from IRC. Reconnecting in 5 seconds...
[2025-07-26 08:00:01] Starting IRC connection...
[2025-07-26 08:00:03] Connected and joined #dolly.
:lead.libera.chat NOTICE * :*** Checking Ident
:lead.libera.chat NOTICE * :*** Looking up your hostname...
:lead.libera.chat NOTICE * :*** Couldn't look up your hostname
:lead.libera.chat NOTICE * :*** No Ident response
[2025-07-26 08:00:07] Disconnected from IRC. Reconnecting in 5 seconds...
